$GPGSA,A,3,01,02,03,04,05,06,07,08,09,10,11,12,2.2,2.0,0.8*3b
$GPGSV,3,1,12,01,45,045,50,02,45,045,50,03,45,045,50,04,45,045,50*7c
$GPGSV,3,2,12,05,45,045,50,06,45,045,50,07,45,045,50,08,45,045,50*77
$GPGSV,3,3,12,09,45,045,50,10,45,045,50,11,45,045,50,12,45,045,50*71
$GPRMC,111038.00,A,4341.9791,N,714.9095,E,0.0,233.7,071019,0.0,E,A*37
$GPVTG,233.7,T,0.0,M,0.0,N,0.0,K*4b
$GPGGA,111038.00,4341.9791,N,00714.9095,E,12,12,2.0,38.8,M,0.0,M,0.0,0000*7b
$GPGSA,A,3,01,02,03,04,05,06,07,08,09,10,11,12,2.2,2.0,0.8*3b
$GPGSV,3,1,12,01,45,045,50,02,45,045,50,03,45,045,50,04,45,045,50*7c
$GPGSV,3,2,12,05,45,045,50,06,45,045,50,07,45,045,50,08,45,045,50*77
$GPGSV,3,3,12,09,45,045,50,10,45,045,50,11,45,045,50,12,45,045,50*71
$GPRMC,111039.00,A,4341.9809,N,714.9067,E,0.0,233.7,071019,0.0,E,A*35
$GPVTG,233.7,T,0.0,M,0.0,N,0.0,K*4b
$GPGGA,111039.00,4341.9809,N,00714.9067,E,12,12,2.0,38.6,M,0.0,M,0.0,0000*77
$GPGSA,A,3,01,02,03,04,05,06,07,08,09,10,11,12,2.2,2.0,0.8*3b
$GPGSV,3,1,12,01,45,045,50,02,45,045,50,03,45,045,50,04,45,045,50*7c
$GPGSV,3,2,12,05,45,045,50,06,45,045,50,07,45,045,50,08,45,045,50*77
$GPGSV,3,3,12,09,45,045,50,10,45,045,50,11,45,045,50,12,45,045,50*71
$GPRMC,111040.00,A,4341.9809,N,714.9067,E,0.0,234.8,071019,0.0,E,A*33
$GPVTG,234.8,T,0.0,M,0.0,N,0.0,K*43
$GPGGA,111040.00,4341.9809,N,00714.9067,E,12,12,2.0,38.7,M,0.0,M,0.0,0000*78
$GPGSA,A,3,01,02,03,04,05,06,07,08,09,10,11,12,2.2,2.0,0.8*3b
$GPGSV,3,1,12,01,45,045,50,02,45,045,50,03,45,045,50,04,45,045,50*7c
$GPGSV,3,2,12,05,45,045,50,06,45,045,50,07,45,045,50,08,45,045,50*77
$GPGSV,3,3,12,09,45,045,50,10,45,045,50,11,45,045,50,12,45,045,50*71
$GPRMC,111041.00,A,4341.9809,N,714.9061,E,0.3,313.6,071019,0.0,E,A*3d
$GPVTG,313.6,T,0.0,M,0.3,N,0.6,K*4c
$GPGGA,111041.00,4341.9809,N,00714.9061,E,12,12,2.0,38.1,M,0.0,M,0.0,0000*79
$GPGSA,A,3,01,02,03,04,05,06,07,08,09,10,11,12,2.2,2.0,0.8*3b
$GPGSV,3,1,12,01,45,045,50,02,45,045,50,03,45,045,50,04,45,045,50*7c
$GPGSV,3,2,12,05,45,045,50,06,45,045,50,07,45,045,50,08,45,045,50*77
$GPGSV,3,3,12,09,45,045,50,10,45,045,50,11,45,045,50,12,45,045,50*71
$GPRMC,111042.00,A,4341.9809,N,714.9061,E,0.0,313.6,071019,0.0,E,A*3d
$GPVTG,313.6,T,0.0,M,0.0,N,0.0,K*49
$GPGGA,111042.00,4341.9809,N,00714.9061,E,12,12,2.0,36.8,M,0.0,M,0.0,0000*7d
$GPGSA,A,3,01,02,03,04,05,06,07,08,09,10,11,12,2.2,2.0,0.8*3b
$GPGSV,3,1,12,01,45,045,50,02,45,045,50,03,45,045,50,04,45,045,50*7c
$GPGSV,3,2,12,05,45,045,50,06,45,045,50,07,45,045,50,08,45,045,50*77
$GPGSV,3,3,12,09,45,045,50,10,45,045,50,11,45,045,50,12,45,045,50*71
$GPRMC,111043.00,A,4341.9809,N,714.9061,E,0.0,313.6,071019,0.0,E,A*3c
$GPVTG,313.6,T,0.0,M,0.0,N,0.0,K*49
$GPGGA,111043.00,4341.9809,N,00714.9061,E,12,12,2.0,36.0,M,0.0,M,0.0,0000*74
$GPGSA,A,3,01,02,03,04,05,06,07,08,09,10,11,12,2.2,2.0,0.8*3b
$GPGSV,3,1,12,01,45,045,50,02,45,045,50,03,45,045,50,04,45,045,50*7c
$GPGSV,3,2,12,05,45,045,50,06,45,045,50,07,45,045,50,08,45,045,50*77
$GPGSV,3,3,12,09,45,045,50,10,45,045,50,11,45,045,50,12,45,045,50*71
$GPRMC,111044.00,A,4341.9809,N,714.9061,E,0.0,313.6,071019,0.0,E,A*3b
$GPVTG,313.6,T,0.0,M,0.0,N,0.0,K*49
$GPGGA,111044.00,4341.9809,N,00714.9061,E,12,12,2.0,36.1,M,0.0,M,0.0,0000*72
